<?xml version="1.0" encoding="UTF-8"?>
<!-- Generated by org.testng.reporters.JUnitReportReporter -->
<testsuite hostname="KT-PCLAP-050" failures="0" tests="1" name="WebDriverTest1to5.SelectClassTest" time="4.825" errors="0" timestamp="2020-07-01T19:03:00 IST" skipped="0">
  <testcase classname="WebDriverTest1to5.SelectClassTest" name="selectclass" time="4.825"/>
</testsuite> <!-- WebDriverTest1to5.SelectClassTest -->
